Build started 16/04/2017 11:35:26.
     1>Project "c:\Users\Ailton\documents\visual studio 2010\Projects\TLS_DetectPin_V1\TLS_DetectPin_V1\TLS_DetectPin_V1.vcxproj" on node 2 (build target(s)).
     1>InitializeBuildStatus:
         Creating "Debug\TLS_DetectPin_V1.unsuccessfulbuild" because "AlwaysCreate" was specified.
       ClCompile:
         All outputs are up-to-date.
       ManifestResourceCompile:
         All outputs are up-to-date.
       Link:
         C:\Program Files (x86)\Microsoft Visual Studio 10.0\VC\bin\link.exe /ERRORREPORT:PROMPT /OUT:"c:\users\ailton\documents\visual studio 2010\Projects\TLS_DetectPin_V1\Debug\TLS_DetectPin_V1.exe" /INCREMENTAL /NOLOGO kernel32.lib user32.lib gdi32.lib winspool.lib comdlg32.lib advapi32.lib shell32.lib ole32.lib oleaut32.lib uuid.lib odbc32.lib odbccp32.lib /MANIFEST /ManifestFile:"Debug\TLS_DetectPin_V1.exe.intermediate.manifest" /MANIFESTUAC:"level='asInvoker' uiAccess='false'" /DEBUG /PDB:"c:\users\ailton\documents\visual studio 2010\Projects\TLS_DetectPin_V1\Debug\TLS_DetectPin_V1.pdb" /SUBSYSTEM:CONSOLE /TLBID:1 /DYNAMICBASE /NXCOMPAT /IMPLIB:"c:\users\ailton\documents\visual studio 2010\Projects\TLS_DetectPin_V1\Debug\TLS_DetectPin_V1.lib" /MACHINE:X86 Debug\TLS_DetectPin_V1.exe.embed.manifest.res
         Debug\TLS_DetectPin_V1.obj
       Manifest:
         c:\Program Files (x86)\Microsoft SDKs\Windows\v7.0A\bin\mt.exe /nologo /verbose /out:"Debug\TLS_DetectPin_V1.exe.embed.manifest" /manifest Debug\TLS_DetectPin_V1.exe.intermediate.manifest
         All outputs are up-to-date.
       LinkEmbedManifest:
         All outputs are up-to-date.
         TLS_DetectPin_V1.vcxproj -> c:\users\ailton\documents\visual studio 2010\Projects\TLS_DetectPin_V1\Debug\TLS_DetectPin_V1.exe
       FinalizeBuildStatus:
         Deleting file "Debug\TLS_DetectPin_V1.unsuccessfulbuild".
         Touching "Debug\TLS_DetectPin_V1.lastbuildstate".
     1>Done Building Project "c:\Users\Ailton\documents\visual studio 2010\Projects\TLS_DetectPin_V1\TLS_DetectPin_V1\TLS_DetectPin_V1.vcxproj" (build target(s)).

Build succeeded.

Time Elapsed 00:00:00.99
